<?xml version="1.0" encoding="UTF-8"?>
<!-- Generated by org.testng.reporters.JUnitReportReporter -->
<testsuite hostname="LAPTOP-H1444TJK" failures="0" tests="1" name="SeleniumBasicCommands.SeleniumCommands" time="5.664" errors="0" timestamp="2023-03-07T12:57:54 IST" skipped="0">
  <testcase classname="SeleniumBasicCommands.SeleniumCommands" name="TC_016_verifyIsDisplayed" time="5.664"/>
  <system-out/>
</testsuite> <!-- SeleniumBasicCommands.SeleniumCommands -->
