<?xml version="1.0" encoding="UTF-8"?>
<!-- Generated by org.testng.reporters.JUnitReportReporter -->
<testsuite hostname="LAPTOP-H1444TJK" failures="0" tests="1" name="SeleniumBasicCommands.SeleniumCommands" time="12.891" errors="0" timestamp="2023-03-09T20:50:40 IST" skipped="0">
  <testcase classname="SeleniumBasicCommands.SeleniumCommands" name="TC_25_verifyTextInAFrame" time="12.891"/>
  <system-out/>
</testsuite> <!-- SeleniumBasicCommands.SeleniumCommands -->
